2019-10-28 13:04:46,128 [Worker-3: Loading available Gradle versions] INFO  o.e.b.c.i.u.g.PublishedGradleVersions - Gradle version information cache is not available. Remote download required.
2019-11-14 21:42:57,268 [Worker-3: Loading available Gradle versions] INFO  o.e.b.c.i.u.g.PublishedGradleVersions - Gradle version information cache is up-to-date. Trying to read.
2019-11-18 17:54:24,278 [Worker-3: Loading available Gradle versions] INFO  o.e.b.c.i.u.g.PublishedGradleVersions - Gradle version information cache is up-to-date. Trying to read.
2019-11-18 17:56:02,310 [Worker-0: Importing Maven projects] INFO  o.e.m.c.i.l.LifecycleMappingFactory - Using NULL lifecycle mapping for MavenProject: com.hbt.semillero:semillero-padre:1.0-SNAPSHOT @ C:\Users\mauro\eclipse-workspace-HBT\ambiente\semillero-hbt\semillero-padre\pom.xml.
2019-11-18 17:56:07,924 [Worker-0: Importing Maven projects] INFO  o.e.m.c.i.l.LifecycleMappingFactory - Using org.maven.ide.eclipse.wtp.WarLifecycleMapping lifecycle mapping for MavenProject: com.hbt.semillero.servicios:semillero-servicios:1.0-SNAPSHOT @ C:\Users\mauro\eclipse-workspace-HBT\ambiente\semillero-hbt\semillero-padre\semillero-servicios\pom.xml.
2019-11-18 17:56:09,741 [Worker-0: Importing Maven projects] INFO  o.e.m.c.i.l.LifecycleMappingFactory - Using org.maven.ide.eclipse.wtp.WarLifecycleMapping lifecycle mapping for MavenProject: com.hbt.semillero.web:semillero-web:1.0-SNAPSHOT @ C:\Users\mauro\eclipse-workspace-HBT\ambiente\semillero-hbt\semillero-padre\semillero-web\pom.xml.
2019-11-18 17:56:09,970 [Worker-0: Importing Maven projects] INFO  o.e.m.c.i.l.LifecycleMappingFactory - Using org.maven.ide.eclipse.wtp.EarLifecycleMapping lifecycle mapping for MavenProject: com.hbt.semillero:semillero-ear:1.0-SNAPSHOT @ C:\Users\mauro\eclipse-workspace-HBT\ambiente\semillero-hbt\semillero-padre\semillero-ear\pom.xml.
2019-11-18 17:56:10,010 [Worker-0: Importing Maven projects] INFO  o.e.m.c.i.p.WorkspaceClassifierResolverManager - Resolving P/semillero-web: com.hbt.semillero.web:semillero-web:1.0-SNAPSHOT with classifier  to /semillero-web/target/classes
2019-11-18 17:56:10,010 [Worker-0: Importing Maven projects] INFO  o.e.m.c.i.p.WorkspaceClassifierResolverManager - Resolving P/semillero-servicios: com.hbt.semillero.servicios:semillero-servicios:1.0-SNAPSHOT with classifier  to /semillero-servicios/target/classes
2019-11-18 17:56:13,984 [Worker-0: Importing Maven projects] INFO  o.e.m.c.i.p.WorkspaceClassifierResolverManager - Resolving P/semillero-web: com.hbt.semillero.web:semillero-web:1.0-SNAPSHOT with classifier  to /semillero-web/target/classes
2019-11-18 17:56:13,984 [Worker-0: Importing Maven projects] INFO  o.e.m.c.i.p.WorkspaceClassifierResolverManager - Resolving P/semillero-servicios: com.hbt.semillero.servicios:semillero-servicios:1.0-SNAPSHOT with classifier  to /semillero-servicios/target/classes
2019-11-18 17:56:16,868 [Worker-0: Importing Maven projects] INFO  o.e.m.c.i.embedder.EclipseLogger - Generating application.xml
2019-11-18 17:56:21,210 [Worker-0: Importing Maven projects] INFO  o.e.m.j.i.AbstractJavaProjectConfigurator - Adding source folder /semillero-servicios/src/main/java
2019-11-18 17:56:21,210 [Worker-0: Importing Maven projects] INFO  o.e.m.j.i.AbstractJavaProjectConfigurator - Adding resource folder /semillero-servicios/src/main/resources
2019-11-18 17:56:21,211 [Worker-0: Importing Maven projects] INFO  o.e.m.j.i.AbstractJavaProjectConfigurator - Adding source folder /semillero-servicios/src/test/java
2019-11-18 17:56:23,654 [Worker-0: Importing Maven projects] INFO  o.e.m.j.i.AbstractJavaProjectConfigurator - Adding source folder /semillero-web/src/main/java
2019-11-18 17:56:23,655 [Worker-0: Importing Maven projects] INFO  o.e.m.j.i.AbstractJavaProjectConfigurator - Adding source folder /semillero-web/src/test/java
2019-11-18 17:56:24,251 [Worker-0: Importing Maven projects] INFO  o.e.m.c.i.embedder.EclipseLogger - Generating application.xml
2019-11-18 17:56:24,467 [Worker-0: Importing Maven projects] INFO  o.e.m.c.i.p.ProjectConfigurationManager - Imported and configured 4 project(s) in 65 sec
2019-11-18 17:56:44,296 [Worker-8: Building workspace] INFO  o.e.m.c.i.p.WorkspaceClassifierResolverManager - Resolving P/semillero-web: com.hbt.semillero.web:semillero-web:1.0-SNAPSHOT with classifier  to /semillero-web/target/classes
2019-11-18 17:56:44,297 [Worker-8: Building workspace] INFO  o.e.m.c.i.p.WorkspaceClassifierResolverManager - Resolving P/semillero-servicios: com.hbt.semillero.servicios:semillero-servicios:1.0-SNAPSHOT with classifier  to /semillero-servicios/target/classes
2019-11-18 17:56:44,312 [Worker-8: Building workspace] INFO  o.e.m.w.i.f.ResourceFilteringBuildParticipant - Executing resource filtering for semillero-ear
2019-11-18 17:56:44,594 [Worker-8: Building workspace] INFO  o.e.m.c.i.embedder.EclipseLogger - Using 'UTF-8' encoding to copy filtered resources.
2019-11-18 17:56:44,668 [Worker-8: Building workspace] INFO  o.e.m.c.i.embedder.EclipseLogger - skip non existing resourceDirectory C:\Users\mauro\eclipse-workspace-HBT\ambiente\semillero-hbt\semillero-padre\semillero-ear\src\main\resources
2019-11-18 17:56:48,202 [Worker-6: Building workspace] INFO  o.e.m.c.i.embedder.EclipseLogger - Using 'UTF-8' encoding to copy filtered resources.
2019-11-18 17:56:48,230 [Worker-6: Building workspace] INFO  o.e.m.c.i.embedder.EclipseLogger - Copying 1 resource
2019-11-18 17:56:48,270 [Worker-6: Building workspace] INFO  o.e.m.c.i.embedder.EclipseLogger - Not copying test resources
2019-11-18 17:56:49,330 [Worker-6: Building workspace] INFO  o.e.m.c.i.embedder.EclipseLogger - Using 'UTF-8' encoding to copy filtered resources.
2019-11-18 17:56:49,390 [Worker-6: Building workspace] INFO  o.e.m.c.i.embedder.EclipseLogger - skip non existing resourceDirectory C:\Users\mauro\eclipse-workspace-HBT\ambiente\semillero-hbt\semillero-padre\semillero-web\src\main\resources
2019-11-18 17:56:49,404 [Worker-6: Building workspace] INFO  o.e.m.c.i.embedder.EclipseLogger - Not copying test resources
2019-11-18 17:56:49,463 [Worker-6: Building workspace] INFO  o.e.m.c.i.embedder.EclipseLogger - Using 'UTF-8' encoding to copy filtered resources.
2019-11-18 17:56:49,470 [Worker-6: Building workspace] INFO  o.e.m.c.i.embedder.EclipseLogger - Copying 69 resources
2019-11-18 17:59:15,041 [Worker-4: Updating Maven Dependencies] INFO  o.e.m.c.i.l.LifecycleMappingFactory - Using org.maven.ide.eclipse.wtp.WarLifecycleMapping lifecycle mapping for MavenProject: com.hbt.semillero.servicios:semillero-servicios:1.0-SNAPSHOT @ C:\Users\mauro\eclipse-workspace-HBT\ambiente\semillero-hbt\semillero-padre\semillero-servicios\pom.xml.
2019-11-18 17:59:15,729 [Worker-4: Updating Maven Dependencies] INFO  o.e.m.c.i.l.LifecycleMappingFactory - Using org.maven.ide.eclipse.wtp.WarLifecycleMapping lifecycle mapping for MavenProject: com.hbt.semillero.web:semillero-web:1.0-SNAPSHOT @ C:\Users\mauro\eclipse-workspace-HBT\ambiente\semillero-hbt\semillero-padre\semillero-web\pom.xml.
2019-11-18 17:59:15,908 [Worker-4: Updating Maven Dependencies] INFO  o.e.m.c.i.l.LifecycleMappingFactory - Using org.maven.ide.eclipse.wtp.EarLifecycleMapping lifecycle mapping for MavenProject: com.hbt.semillero:semillero-ear:1.0-SNAPSHOT @ C:\Users\mauro\eclipse-workspace-HBT\ambiente\semillero-hbt\semillero-padre\semillero-ear\pom.xml.
2019-11-18 17:59:15,927 [Worker-4: Updating Maven Dependencies] INFO  o.e.m.c.i.p.WorkspaceClassifierResolverManager - Resolving P/semillero-web: com.hbt.semillero.web:semillero-web:1.0-SNAPSHOT with classifier  to /semillero-web/target/classes
2019-11-18 17:59:15,940 [Worker-4: Updating Maven Dependencies] INFO  o.e.m.c.i.p.WorkspaceClassifierResolverManager - Resolving P/semillero-servicios: com.hbt.semillero.servicios:semillero-servicios:1.0-SNAPSHOT with classifier  to /semillero-servicios/target/classes
2019-11-18 17:59:17,520 [Worker-4: Updating Maven Dependencies] INFO  o.e.m.c.i.embedder.EclipseLogger - Generating application.xml
